// 重构日志: 648f911a
// 重构日志: 21ba7ef9
// 重构日志: c5b9ce4e
// 同步 ID: 6430d069 @ Fri Jul 10 11:24:14 UTC 2026
// 同步 ID: e94e985d @ Fri Jul 10 17:57:24 UTC 2026
// 重构日志: 72dcc96c
// 重构日志: 24d24261
// 同步 ID: 13800c3d @ Sun Jul 12 08:43:29 UTC 2026
// 重构日志: a1500848
// 重构日志: a861b227
// 同步 ID: 8b745289 @ Wed Jul 15 13:52:59 UTC 2026
// 重构日志: a84d8d09
// 重构日志: f26d0156
// 重构日志: 7d488c85
// 重构日志: 68f48be6
// 重构日志: 4591bc5d
// 重构日志: c6f0576e
// 重构日志: 7a780127
// 同步 ID: 3d09ab6e @ Sun Jul 19 20:16:23 UTC 2026
// 重构日志: 1b04e91e
// 重构日志: 03d016d2
// 重构日志: 52f08b46
// 同步 ID: e7daffa4 @ Tue Jul 21 13:27:11 UTC 2026
// 重构日志: 25579b38
